2017-05-21 16:05:31,385 [Worker-113] INFO  o.e.m.c.i.l.LifecycleMappingFactory - Using org.eclipse.m2e.jdt.JarLifecycleMapping lifecycle mapping for MavenProject: RefactoringKevin:RefactoringKevin:0.0.1-SNAPSHOT @ C:\Users\Kevin\Universidad\4º Grado\Procesos de Ingeniería del Software II\Prácticas\Actividad08\RefactoringKevin\pom.xml.
2017-05-21 16:05:32,664 [Worker-103] WARN  o.e.m.c.i.embedder.EclipseLogger - Using platform encoding (Cp1252 actually) to copy filtered resources, i.e. build is platform dependent!
2017-05-21 16:05:32,669 [Worker-103] INFO  o.e.m.c.i.embedder.EclipseLogger - skip non existing resourceDirectory C:\Users\Kevin\Universidad\4º Grado\Procesos de Ingeniería del Software II\Prácticas\Actividad08\RefactoringKevin\src\main\resources
2017-05-21 16:05:32,671 [Worker-103] WARN  o.e.m.c.i.embedder.EclipseLogger - Using platform encoding (Cp1252 actually) to copy filtered resources, i.e. build is platform dependent!
2017-05-21 16:05:32,676 [Worker-103] INFO  o.e.m.c.i.embedder.EclipseLogger - skip non existing resourceDirectory C:\Users\Kevin\Universidad\4º Grado\Procesos de Ingeniería del Software II\Prácticas\Actividad08\RefactoringKevin\src\test\resources
2017-05-21 16:05:32,700 [Worker-113] INFO  o.e.m.j.i.AbstractJavaProjectConfigurator - Adding source folder /RefactoringKevin/src
2017-05-21 16:05:32,703 [Worker-113] INFO  o.e.m.j.i.AbstractJavaProjectConfigurator - Adding source folder /RefactoringKevin/test
2017-05-21 16:05:32,890 [Worker-113] INFO  o.e.m.c.i.p.ProjectConfigurationManager - Update started
2017-05-21 16:05:33,267 [Worker-113] INFO  o.e.m.c.i.l.LifecycleMappingFactory - Using org.eclipse.m2e.jdt.JarLifecycleMapping lifecycle mapping for MavenProject: RefactoringKevin:RefactoringKevin:0.0.1-SNAPSHOT @ C:\Users\Kevin\Universidad\4º Grado\Procesos de Ingeniería del Software II\Prácticas\Actividad08\RefactoringKevin\pom.xml.
2017-05-21 16:05:33,523 [Worker-113] INFO  o.e.m.j.i.AbstractJavaProjectConfigurator - Adding source folder /RefactoringKevin/src
2017-05-21 16:05:33,526 [Worker-113] INFO  o.e.m.j.i.AbstractJavaProjectConfigurator - Adding source folder /RefactoringKevin/test
2017-05-21 16:05:33,581 [Worker-113] INFO  o.e.m.c.i.p.ProjectConfigurationManager - Update completed: 0 sec
2017-05-21 16:05:33,791 [Worker-109] WARN  o.e.m.c.i.embedder.EclipseLogger - Using platform encoding (Cp1252 actually) to copy filtered resources, i.e. build is platform dependent!
2017-05-21 16:05:33,796 [Worker-109] INFO  o.e.m.c.i.embedder.EclipseLogger - skip non existing resourceDirectory C:\Users\Kevin\Universidad\4º Grado\Procesos de Ingeniería del Software II\Prácticas\Actividad08\RefactoringKevin\src\main\resources
2017-05-21 16:05:33,798 [Worker-109] WARN  o.e.m.c.i.embedder.EclipseLogger - Using platform encoding (Cp1252 actually) to copy filtered resources, i.e. build is platform dependent!
2017-05-21 16:05:33,802 [Worker-109] INFO  o.e.m.c.i.embedder.EclipseLogger - skip non existing resourceDirectory C:\Users\Kevin\Universidad\4º Grado\Procesos de Ingeniería del Software II\Prácticas\Actividad08\RefactoringKevin\src\test\resources
2017-05-21 16:20:31,441 [Worker-7] INFO  o.e.m.i.launch.MavenLaunchDelegate - C:\Users\Kevin\Universidad\4º Grado\Procesos de Ingeniería del Software II\Prácticas\Actividad08\RefactoringKevin
2017-05-21 16:20:31,444 [Worker-7] INFO  o.e.m.i.launch.MavenLaunchDelegate -  mvn -B clean
2017-05-21 16:20:33,876 [Worker-13] INFO  o.e.m.c.i.l.LifecycleMappingFactory - Using org.eclipse.m2e.jdt.JarLifecycleMapping lifecycle mapping for MavenProject: RefactoringKevin:RefactoringKevin:0.0.1-SNAPSHOT @ C:\Users\Kevin\Universidad\4º Grado\Procesos de Ingeniería del Software II\Prácticas\Actividad08\RefactoringKevin\pom.xml.
2017-05-21 16:20:34,586 [Worker-13] WARN  o.e.m.c.i.embedder.EclipseLogger - Using platform encoding (Cp1252 actually) to copy filtered resources, i.e. build is platform dependent!
2017-05-21 16:20:34,591 [Worker-13] INFO  o.e.m.c.i.embedder.EclipseLogger - skip non existing resourceDirectory C:\Users\Kevin\Universidad\4º Grado\Procesos de Ingeniería del Software II\Prácticas\Actividad08\RefactoringKevin\src\main\resources
2017-05-21 16:20:34,593 [Worker-13] WARN  o.e.m.c.i.embedder.EclipseLogger - Using platform encoding (Cp1252 actually) to copy filtered resources, i.e. build is platform dependent!
2017-05-21 16:20:34,597 [Worker-13] INFO  o.e.m.c.i.embedder.EclipseLogger - skip non existing resourceDirectory C:\Users\Kevin\Universidad\4º Grado\Procesos de Ingeniería del Software II\Prácticas\Actividad08\RefactoringKevin\src\test\resources
2017-05-21 16:20:35,896 [Worker-4] WARN  o.e.m.c.i.embedder.EclipseLogger - Using platform encoding (Cp1252 actually) to copy filtered resources, i.e. build is platform dependent!
2017-05-21 16:20:35,901 [Worker-4] INFO  o.e.m.c.i.embedder.EclipseLogger - skip non existing resourceDirectory C:\Users\Kevin\Universidad\4º Grado\Procesos de Ingeniería del Software II\Prácticas\Actividad08\RefactoringKevin\src\main\resources
2017-05-21 16:20:35,903 [Worker-4] WARN  o.e.m.c.i.embedder.EclipseLogger - Using platform encoding (Cp1252 actually) to copy filtered resources, i.e. build is platform dependent!
2017-05-21 16:20:35,908 [Worker-4] INFO  o.e.m.c.i.embedder.EclipseLogger - skip non existing resourceDirectory C:\Users\Kevin\Universidad\4º Grado\Procesos de Ingeniería del Software II\Prácticas\Actividad08\RefactoringKevin\src\test\resources
2017-05-21 16:20:46,153 [Worker-1] INFO  o.e.m.i.launch.MavenLaunchDelegate - C:\Users\Kevin\Universidad\4º Grado\Procesos de Ingeniería del Software II\Prácticas\Actividad08\RefactoringKevin
2017-05-21 16:20:46,153 [Worker-1] INFO  o.e.m.i.launch.MavenLaunchDelegate -  mvn -B generate-sources
2017-05-21 16:21:16,435 [Worker-14] INFO  o.e.m.i.launch.MavenLaunchDelegate - C:\Users\Kevin\Universidad\4º Grado\Procesos de Ingeniería del Software II\Prácticas\Actividad08\RefactoringKevin
2017-05-21 16:21:16,435 [Worker-14] INFO  o.e.m.i.launch.MavenLaunchDelegate -  mvn -B clean
2017-05-21 16:21:17,810 [Worker-16] WARN  o.e.m.c.i.embedder.EclipseLogger - Using platform encoding (Cp1252 actually) to copy filtered resources, i.e. build is platform dependent!
2017-05-21 16:21:17,818 [Worker-16] INFO  o.e.m.c.i.embedder.EclipseLogger - skip non existing resourceDirectory C:\Users\Kevin\Universidad\4º Grado\Procesos de Ingeniería del Software II\Prácticas\Actividad08\RefactoringKevin\src\main\resources
2017-05-21 16:21:17,818 [Worker-16] WARN  o.e.m.c.i.embedder.EclipseLogger - Using platform encoding (Cp1252 actually) to copy filtered resources, i.e. build is platform dependent!
2017-05-21 16:21:17,823 [Worker-16] INFO  o.e.m.c.i.embedder.EclipseLogger - skip non existing resourceDirectory C:\Users\Kevin\Universidad\4º Grado\Procesos de Ingeniería del Software II\Prácticas\Actividad08\RefactoringKevin\src\test\resources
2017-05-21 16:21:22,912 [Worker-6] INFO  o.e.m.i.launch.MavenLaunchDelegate - C:\Users\Kevin\Universidad\4º Grado\Procesos de Ingeniería del Software II\Prácticas\Actividad08\RefactoringKevin
2017-05-21 16:21:22,915 [Worker-6] INFO  o.e.m.i.launch.MavenLaunchDelegate -  mvn -B install
2017-05-21 16:21:33,062 [Worker-16] WARN  o.e.m.c.i.embedder.EclipseLogger - Using platform encoding (Cp1252 actually) to copy filtered resources, i.e. build is platform dependent!
2017-05-21 16:21:33,069 [Worker-16] INFO  o.e.m.c.i.embedder.EclipseLogger - skip non existing resourceDirectory C:\Users\Kevin\Universidad\4º Grado\Procesos de Ingeniería del Software II\Prácticas\Actividad08\RefactoringKevin\src\main\resources
2017-05-21 16:21:33,073 [Worker-16] WARN  o.e.m.c.i.embedder.EclipseLogger - Using platform encoding (Cp1252 actually) to copy filtered resources, i.e. build is platform dependent!
2017-05-21 16:21:33,080 [Worker-16] INFO  o.e.m.c.i.embedder.EclipseLogger - skip non existing resourceDirectory C:\Users\Kevin\Universidad\4º Grado\Procesos de Ingeniería del Software II\Prácticas\Actividad08\RefactoringKevin\src\test\resources
2017-05-21 16:22:10,529 [Worker-12] INFO  o.e.m.i.launch.MavenLaunchDelegate - C:\Users\Kevin\Universidad\4º Grado\Procesos de Ingeniería del Software II\Prácticas\Actividad08\RefactoringKevin
2017-05-21 16:22:10,529 [Worker-12] INFO  o.e.m.i.launch.MavenLaunchDelegate -  mvn -B clean
2017-05-21 16:22:11,913 [Worker-2] WARN  o.e.m.c.i.embedder.EclipseLogger - Using platform encoding (Cp1252 actually) to copy filtered resources, i.e. build is platform dependent!
2017-05-21 16:22:11,921 [Worker-2] INFO  o.e.m.c.i.embedder.EclipseLogger - skip non existing resourceDirectory C:\Users\Kevin\Universidad\4º Grado\Procesos de Ingeniería del Software II\Prácticas\Actividad08\RefactoringKevin\src\main\resources
2017-05-21 16:22:11,925 [Worker-2] WARN  o.e.m.c.i.embedder.EclipseLogger - Using platform encoding (Cp1252 actually) to copy filtered resources, i.e. build is platform dependent!
2017-05-21 16:22:11,933 [Worker-2] INFO  o.e.m.c.i.embedder.EclipseLogger - skip non existing resourceDirectory C:\Users\Kevin\Universidad\4º Grado\Procesos de Ingeniería del Software II\Prácticas\Actividad08\RefactoringKevin\src\test\resources
2017-05-21 16:24:09,284 [Worker-19] INFO  o.e.m.i.launch.MavenLaunchDelegate - C:\Users\Kevin\Universidad\4º Grado\Procesos de Ingeniería del Software II\Prácticas\Actividad08\RefactoringKevin
2017-05-21 16:24:09,287 [Worker-19] INFO  o.e.m.i.launch.MavenLaunchDelegate -  mvn -B clean
2017-05-21 16:24:11,295 [Worker-0] WARN  o.e.m.c.i.embedder.EclipseLogger - Using platform encoding (Cp1252 actually) to copy filtered resources, i.e. build is platform dependent!
2017-05-21 16:24:11,300 [Worker-0] INFO  o.e.m.c.i.embedder.EclipseLogger - skip non existing resourceDirectory C:\Users\Kevin\Universidad\4º Grado\Procesos de Ingeniería del Software II\Prácticas\Actividad08\RefactoringKevin\src\main\resources
2017-05-21 16:24:11,302 [Worker-0] WARN  o.e.m.c.i.embedder.EclipseLogger - Using platform encoding (Cp1252 actually) to copy filtered resources, i.e. build is platform dependent!
2017-05-21 16:24:11,307 [Worker-0] INFO  o.e.m.c.i.embedder.EclipseLogger - skip non existing resourceDirectory C:\Users\Kevin\Universidad\4º Grado\Procesos de Ingeniería del Software II\Prácticas\Actividad08\RefactoringKevin\src\test\resources
2017-05-21 16:25:33,518 [main] INFO  o.e.m2e.actions.ExecutePomAction - Creating new launch configuration
2017-05-21 16:25:59,563 [Worker-8] INFO  o.e.m.c.i.p.ProjectConfigurationManager - Update started
2017-05-21 16:26:00,074 [Worker-8] INFO  o.e.m.c.i.l.LifecycleMappingFactory - Using org.eclipse.m2e.jdt.JarLifecycleMapping lifecycle mapping for MavenProject: RefactoringKevin:RefactoringKevin:0.0.1-SNAPSHOT @ C:\Users\Kevin\Universidad\4º Grado\Procesos de Ingeniería del Software II\Prácticas\Actividad08\RefactoringKevin\pom.xml.
2017-05-21 16:26:00,305 [Worker-8] INFO  o.e.m.j.i.AbstractJavaProjectConfigurator - Adding source folder /RefactoringKevin/src
2017-05-21 16:26:00,306 [Worker-8] INFO  o.e.m.j.i.AbstractJavaProjectConfigurator - Adding source folder /RefactoringKevin/test
2017-05-21 16:26:00,577 [Worker-8] INFO  o.e.m.c.i.p.ProjectConfigurationManager - Update completed: 1 sec
2017-05-21 16:26:00,929 [Worker-23] WARN  o.e.m.c.i.embedder.EclipseLogger - Using platform encoding (Cp1252 actually) to copy filtered resources, i.e. build is platform dependent!
2017-05-21 16:26:00,934 [Worker-23] INFO  o.e.m.c.i.embedder.EclipseLogger - skip non existing resourceDirectory C:\Users\Kevin\Universidad\4º Grado\Procesos de Ingeniería del Software II\Prácticas\Actividad08\RefactoringKevin\src\main\resources
2017-05-21 16:26:00,936 [Worker-23] WARN  o.e.m.c.i.embedder.EclipseLogger - Using platform encoding (Cp1252 actually) to copy filtered resources, i.e. build is platform dependent!
2017-05-21 16:26:00,941 [Worker-23] INFO  o.e.m.c.i.embedder.EclipseLogger - skip non existing resourceDirectory C:\Users\Kevin\Universidad\4º Grado\Procesos de Ingeniería del Software II\Prácticas\Actividad08\RefactoringKevin\src\test\resources
2017-05-22 11:45:17,385 [Worker-29] WARN  o.e.m.c.i.embedder.EclipseLogger - Using platform encoding (Cp1252 actually) to copy filtered resources, i.e. build is platform dependent!
2017-05-22 11:45:17,393 [Worker-29] INFO  o.e.m.c.i.embedder.EclipseLogger - skip non existing resourceDirectory C:\Users\Kevin\Universidad\4º Grado\Procesos de Ingeniería del Software II\Prácticas\Actividad08\RefactoringKevin\src\main\resources
2017-05-22 11:45:17,395 [Worker-29] WARN  o.e.m.c.i.embedder.EclipseLogger - Using platform encoding (Cp1252 actually) to copy filtered resources, i.e. build is platform dependent!
2017-05-22 11:45:17,400 [Worker-29] INFO  o.e.m.c.i.embedder.EclipseLogger - skip non existing resourceDirectory C:\Users\Kevin\Universidad\4º Grado\Procesos de Ingeniería del Software II\Prácticas\Actividad08\RefactoringKevin\src\test\resources
2017-05-22 11:47:44,901 [Worker-24] WARN  o.e.m.c.i.embedder.EclipseLogger - Using platform encoding (Cp1252 actually) to copy filtered resources, i.e. build is platform dependent!
2017-05-22 11:47:44,906 [Worker-24] INFO  o.e.m.c.i.embedder.EclipseLogger - skip non existing resourceDirectory C:\Users\Kevin\Universidad\4º Grado\Procesos de Ingeniería del Software II\Prácticas\Actividad08\RefactoringKevin\src\main\resources
2017-05-22 11:47:44,907 [Worker-24] WARN  o.e.m.c.i.embedder.EclipseLogger - Using platform encoding (Cp1252 actually) to copy filtered resources, i.e. build is platform dependent!
2017-05-22 11:47:44,912 [Worker-24] INFO  o.e.m.c.i.embedder.EclipseLogger - skip non existing resourceDirectory C:\Users\Kevin\Universidad\4º Grado\Procesos de Ingeniería del Software II\Prácticas\Actividad08\RefactoringKevin\src\test\resources
2017-05-22 11:49:16,947 [Worker-32] WARN  o.e.m.c.i.embedder.EclipseLogger - Using platform encoding (Cp1252 actually) to copy filtered resources, i.e. build is platform dependent!
2017-05-22 11:49:16,954 [Worker-32] INFO  o.e.m.c.i.embedder.EclipseLogger - skip non existing resourceDirectory C:\Users\Kevin\Universidad\4º Grado\Procesos de Ingeniería del Software II\Prácticas\Actividad08\RefactoringKevin\src\main\resources
2017-05-22 11:49:16,956 [Worker-32] WARN  o.e.m.c.i.embedder.EclipseLogger - Using platform encoding (Cp1252 actually) to copy filtered resources, i.e. build is platform dependent!
2017-05-22 11:49:16,962 [Worker-32] INFO  o.e.m.c.i.embedder.EclipseLogger - skip non existing resourceDirectory C:\Users\Kevin\Universidad\4º Grado\Procesos de Ingeniería del Software II\Prácticas\Actividad08\RefactoringKevin\src\test\resources
2017-05-22 11:50:09,722 [Worker-34] WARN  o.e.m.c.i.embedder.EclipseLogger - Using platform encoding (Cp1252 actually) to copy filtered resources, i.e. build is platform dependent!
2017-05-22 11:50:09,727 [Worker-34] INFO  o.e.m.c.i.embedder.EclipseLogger - skip non existing resourceDirectory C:\Users\Kevin\Universidad\4º Grado\Procesos de Ingeniería del Software II\Prácticas\Actividad08\RefactoringKevin\src\main\resources
2017-05-22 11:50:09,728 [Worker-34] WARN  o.e.m.c.i.embedder.EclipseLogger - Using platform encoding (Cp1252 actually) to copy filtered resources, i.e. build is platform dependent!
2017-05-22 11:50:09,735 [Worker-34] INFO  o.e.m.c.i.embedder.EclipseLogger - skip non existing resourceDirectory C:\Users\Kevin\Universidad\4º Grado\Procesos de Ingeniería del Software II\Prácticas\Actividad08\RefactoringKevin\src\test\resources
2017-05-22 11:51:54,660 [Worker-24] WARN  o.e.m.c.i.embedder.EclipseLogger - Using platform encoding (Cp1252 actually) to copy filtered resources, i.e. build is platform dependent!
2017-05-22 11:51:54,664 [Worker-24] INFO  o.e.m.c.i.embedder.EclipseLogger - skip non existing resourceDirectory C:\Users\Kevin\Universidad\4º Grado\Procesos de Ingeniería del Software II\Prácticas\Actividad08\RefactoringKevin\src\main\resources
2017-05-22 11:51:54,665 [Worker-24] WARN  o.e.m.c.i.embedder.EclipseLogger - Using platform encoding (Cp1252 actually) to copy filtered resources, i.e. build is platform dependent!
2017-05-22 11:51:54,669 [Worker-24] INFO  o.e.m.c.i.embedder.EclipseLogger - skip non existing resourceDirectory C:\Users\Kevin\Universidad\4º Grado\Procesos de Ingeniería del Software II\Prácticas\Actividad08\RefactoringKevin\src\test\resources
2017-05-22 11:53:37,231 [Worker-29] WARN  o.e.m.c.i.embedder.EclipseLogger - Using platform encoding (Cp1252 actually) to copy filtered resources, i.e. build is platform dependent!
2017-05-22 11:53:37,242 [Worker-29] INFO  o.e.m.c.i.embedder.EclipseLogger - skip non existing resourceDirectory C:\Users\Kevin\Universidad\4º Grado\Procesos de Ingeniería del Software II\Prácticas\Actividad08\RefactoringKevin\src\main\resources
2017-05-22 11:53:37,248 [Worker-29] WARN  o.e.m.c.i.embedder.EclipseLogger - Using platform encoding (Cp1252 actually) to copy filtered resources, i.e. build is platform dependent!
2017-05-22 11:53:37,255 [Worker-29] INFO  o.e.m.c.i.embedder.EclipseLogger - skip non existing resourceDirectory C:\Users\Kevin\Universidad\4º Grado\Procesos de Ingeniería del Software II\Prácticas\Actividad08\RefactoringKevin\src\test\resources
2017-05-22 11:54:29,792 [Worker-29] INFO  o.e.m.c.i.p.ProjectConfigurationManager - Update started
2017-05-22 11:54:31,650 [Worker-29] INFO  o.e.m.c.i.l.LifecycleMappingFactory - Using org.eclipse.m2e.jdt.JarLifecycleMapping lifecycle mapping for MavenProject: RefactoringKevin:RefactoringKevin:0.0.1-SNAPSHOT @ C:\Users\Kevin\Universidad\4º Grado\Procesos de Ingeniería del Software II\Prácticas\Actividad08\RefactoringKevin\pom.xml.
2017-05-22 11:54:32,031 [Worker-29] INFO  o.e.m.j.i.AbstractJavaProjectConfigurator - Adding source folder /RefactoringKevin/src
2017-05-22 11:54:32,032 [Worker-29] INFO  o.e.m.j.i.AbstractJavaProjectConfigurator - Adding source folder /RefactoringKevin/test
2017-05-22 11:54:32,120 [Worker-29] INFO  o.e.m.c.i.p.ProjectConfigurationManager - Update completed: 2 sec
2017-05-22 11:54:32,355 [Worker-26] WARN  o.e.m.c.i.embedder.EclipseLogger - Using platform encoding (Cp1252 actually) to copy filtered resources, i.e. build is platform dependent!
2017-05-22 11:54:32,362 [Worker-26] INFO  o.e.m.c.i.embedder.EclipseLogger - skip non existing resourceDirectory C:\Users\Kevin\Universidad\4º Grado\Procesos de Ingeniería del Software II\Prácticas\Actividad08\RefactoringKevin\src\main\resources
2017-05-22 11:54:32,364 [Worker-26] WARN  o.e.m.c.i.embedder.EclipseLogger - Using platform encoding (Cp1252 actually) to copy filtered resources, i.e. build is platform dependent!
2017-05-22 11:54:32,371 [Worker-26] INFO  o.e.m.c.i.embedder.EclipseLogger - skip non existing resourceDirectory C:\Users\Kevin\Universidad\4º Grado\Procesos de Ingeniería del Software II\Prácticas\Actividad08\RefactoringKevin\src\test\resources
2017-05-22 12:01:05,789 [Worker-35] WARN  o.e.m.c.i.embedder.EclipseLogger - Using platform encoding (Cp1252 actually) to copy filtered resources, i.e. build is platform dependent!
2017-05-22 12:01:05,793 [Worker-35] INFO  o.e.m.c.i.embedder.EclipseLogger - skip non existing resourceDirectory C:\Users\Kevin\Universidad\4º Grado\Procesos de Ingeniería del Software II\Prácticas\Actividad08\RefactoringKevin\src\main\resources
2017-05-22 12:01:05,794 [Worker-35] WARN  o.e.m.c.i.embedder.EclipseLogger - Using platform encoding (Cp1252 actually) to copy filtered resources, i.e. build is platform dependent!
2017-05-22 12:01:05,802 [Worker-35] INFO  o.e.m.c.i.embedder.EclipseLogger - skip non existing resourceDirectory C:\Users\Kevin\Universidad\4º Grado\Procesos de Ingeniería del Software II\Prácticas\Actividad08\RefactoringKevin\src\test\resources
2017-05-22 12:01:06,844 [Worker-38] WARN  o.e.m.c.i.embedder.EclipseLogger - Using platform encoding (Cp1252 actually) to copy filtered resources, i.e. build is platform dependent!
2017-05-22 12:01:06,852 [Worker-38] INFO  o.e.m.c.i.embedder.EclipseLogger - skip non existing resourceDirectory C:\Users\Kevin\Universidad\4º Grado\Procesos de Ingeniería del Software II\Prácticas\Actividad08\RefactoringKevin\src\main\resources
2017-05-22 12:01:06,855 [Worker-38] WARN  o.e.m.c.i.embedder.EclipseLogger - Using platform encoding (Cp1252 actually) to copy filtered resources, i.e. build is platform dependent!
2017-05-22 12:01:06,862 [Worker-38] INFO  o.e.m.c.i.embedder.EclipseLogger - skip non existing resourceDirectory C:\Users\Kevin\Universidad\4º Grado\Procesos de Ingeniería del Software II\Prácticas\Actividad08\RefactoringKevin\src\test\resources
2017-05-22 12:04:34,247 [Worker-43] WARN  o.e.m.c.i.embedder.EclipseLogger - Using platform encoding (Cp1252 actually) to copy filtered resources, i.e. build is platform dependent!
2017-05-22 12:04:34,252 [Worker-43] INFO  o.e.m.c.i.embedder.EclipseLogger - skip non existing resourceDirectory C:\Users\Kevin\Universidad\4º Grado\Procesos de Ingeniería del Software II\Prácticas\Actividad08\RefactoringKevin\src\main\resources
2017-05-22 12:04:34,252 [Worker-43] WARN  o.e.m.c.i.embedder.EclipseLogger - Using platform encoding (Cp1252 actually) to copy filtered resources, i.e. build is platform dependent!
2017-05-22 12:04:34,260 [Worker-43] INFO  o.e.m.c.i.embedder.EclipseLogger - skip non existing resourceDirectory C:\Users\Kevin\Universidad\4º Grado\Procesos de Ingeniería del Software II\Prácticas\Actividad08\RefactoringKevin\src\test\resources
2017-05-22 12:04:41,304 [Worker-48] WARN  o.e.m.c.i.embedder.EclipseLogger - Using platform encoding (Cp1252 actually) to copy filtered resources, i.e. build is platform dependent!
2017-05-22 12:04:41,311 [Worker-48] INFO  o.e.m.c.i.embedder.EclipseLogger - skip non existing resourceDirectory C:\Users\Kevin\Universidad\4º Grado\Procesos de Ingeniería del Software II\Prácticas\Actividad08\RefactoringKevin\src\main\resources
2017-05-22 12:04:41,316 [Worker-48] WARN  o.e.m.c.i.embedder.EclipseLogger - Using platform encoding (Cp1252 actually) to copy filtered resources, i.e. build is platform dependent!
2017-05-22 12:04:41,324 [Worker-48] INFO  o.e.m.c.i.embedder.EclipseLogger - skip non existing resourceDirectory C:\Users\Kevin\Universidad\4º Grado\Procesos de Ingeniería del Software II\Prácticas\Actividad08\RefactoringKevin\src\test\resources
2017-05-22 12:11:30,363 [Worker-50] WARN  o.e.m.c.i.embedder.EclipseLogger - Using platform encoding (Cp1252 actually) to copy filtered resources, i.e. build is platform dependent!
2017-05-22 12:11:30,370 [Worker-50] INFO  o.e.m.c.i.embedder.EclipseLogger - skip non existing resourceDirectory C:\Users\Kevin\Universidad\4º Grado\Procesos de Ingeniería del Software II\Prácticas\Actividad08\RefactoringKevin\src\main\resources
2017-05-22 12:11:30,371 [Worker-50] WARN  o.e.m.c.i.embedder.EclipseLogger - Using platform encoding (Cp1252 actually) to copy filtered resources, i.e. build is platform dependent!
2017-05-22 12:11:30,380 [Worker-50] INFO  o.e.m.c.i.embedder.EclipseLogger - skip non existing resourceDirectory C:\Users\Kevin\Universidad\4º Grado\Procesos de Ingeniería del Software II\Prácticas\Actividad08\RefactoringKevin\src\test\resources
2017-05-22 12:12:50,549 [Worker-46] WARN  o.e.m.c.i.embedder.EclipseLogger - Using platform encoding (Cp1252 actually) to copy filtered resources, i.e. build is platform dependent!
2017-05-22 12:12:50,556 [Worker-46] INFO  o.e.m.c.i.embedder.EclipseLogger - skip non existing resourceDirectory C:\Users\Kevin\Universidad\4º Grado\Procesos de Ingeniería del Software II\Prácticas\Actividad08\RefactoringKevin\src\main\resources
2017-05-22 12:12:50,560 [Worker-46] WARN  o.e.m.c.i.embedder.EclipseLogger - Using platform encoding (Cp1252 actually) to copy filtered resources, i.e. build is platform dependent!
2017-05-22 12:12:50,567 [Worker-46] INFO  o.e.m.c.i.embedder.EclipseLogger - skip non existing resourceDirectory C:\Users\Kevin\Universidad\4º Grado\Procesos de Ingeniería del Software II\Prácticas\Actividad08\RefactoringKevin\src\test\resources
2017-05-22 12:13:16,015 [Worker-51] WARN  o.e.m.c.i.embedder.EclipseLogger - Using platform encoding (Cp1252 actually) to copy filtered resources, i.e. build is platform dependent!
2017-05-22 12:13:16,019 [Worker-51] INFO  o.e.m.c.i.embedder.EclipseLogger - skip non existing resourceDirectory C:\Users\Kevin\Universidad\4º Grado\Procesos de Ingeniería del Software II\Prácticas\Actividad08\RefactoringKevin\src\main\resources
2017-05-22 12:13:16,022 [Worker-51] WARN  o.e.m.c.i.embedder.EclipseLogger - Using platform encoding (Cp1252 actually) to copy filtered resources, i.e. build is platform dependent!
2017-05-22 12:13:16,032 [Worker-51] INFO  o.e.m.c.i.embedder.EclipseLogger - skip non existing resourceDirectory C:\Users\Kevin\Universidad\4º Grado\Procesos de Ingeniería del Software II\Prácticas\Actividad08\RefactoringKevin\src\test\resources
2017-05-22 12:15:44,181 [Worker-40] WARN  o.e.m.c.i.embedder.EclipseLogger - Using platform encoding (Cp1252 actually) to copy filtered resources, i.e. build is platform dependent!
2017-05-22 12:15:44,188 [Worker-40] INFO  o.e.m.c.i.embedder.EclipseLogger - skip non existing resourceDirectory C:\Users\Kevin\Universidad\4º Grado\Procesos de Ingeniería del Software II\Prácticas\Actividad08\RefactoringKevin\src\main\resources
2017-05-22 12:15:44,192 [Worker-40] WARN  o.e.m.c.i.embedder.EclipseLogger - Using platform encoding (Cp1252 actually) to copy filtered resources, i.e. build is platform dependent!
2017-05-22 12:15:44,199 [Worker-40] INFO  o.e.m.c.i.embedder.EclipseLogger - skip non existing resourceDirectory C:\Users\Kevin\Universidad\4º Grado\Procesos de Ingeniería del Software II\Prácticas\Actividad08\RefactoringKevin\src\test\resources
2017-05-22 12:17:00,276 [Worker-49] WARN  o.e.m.c.i.embedder.EclipseLogger - Using platform encoding (Cp1252 actually) to copy filtered resources, i.e. build is platform dependent!
2017-05-22 12:17:00,281 [Worker-49] INFO  o.e.m.c.i.embedder.EclipseLogger - skip non existing resourceDirectory C:\Users\Kevin\Universidad\4º Grado\Procesos de Ingeniería del Software II\Prácticas\Actividad08\RefactoringKevin\src\main\resources
2017-05-22 12:17:00,282 [Worker-49] WARN  o.e.m.c.i.embedder.EclipseLogger - Using platform encoding (Cp1252 actually) to copy filtered resources, i.e. build is platform dependent!
2017-05-22 12:17:00,289 [Worker-49] INFO  o.e.m.c.i.embedder.EclipseLogger - skip non existing resourceDirectory C:\Users\Kevin\Universidad\4º Grado\Procesos de Ingeniería del Software II\Prácticas\Actividad08\RefactoringKevin\src\test\resources
2017-05-22 12:17:24,025 [Worker-54] WARN  o.e.m.c.i.embedder.EclipseLogger - Using platform encoding (Cp1252 actually) to copy filtered resources, i.e. build is platform dependent!
2017-05-22 12:17:24,033 [Worker-54] INFO  o.e.m.c.i.embedder.EclipseLogger - skip non existing resourceDirectory C:\Users\Kevin\Universidad\4º Grado\Procesos de Ingeniería del Software II\Prácticas\Actividad08\RefactoringKevin\src\main\resources
2017-05-22 12:17:24,037 [Worker-54] WARN  o.e.m.c.i.embedder.EclipseLogger - Using platform encoding (Cp1252 actually) to copy filtered resources, i.e. build is platform dependent!
2017-05-22 12:17:24,044 [Worker-54] INFO  o.e.m.c.i.embedder.EclipseLogger - skip non existing resourceDirectory C:\Users\Kevin\Universidad\4º Grado\Procesos de Ingeniería del Software II\Prácticas\Actividad08\RefactoringKevin\src\test\resources
2017-05-22 12:20:19,943 [Worker-49] WARN  o.e.m.c.i.embedder.EclipseLogger - Using platform encoding (Cp1252 actually) to copy filtered resources, i.e. build is platform dependent!
2017-05-22 12:20:19,947 [Worker-49] INFO  o.e.m.c.i.embedder.EclipseLogger - skip non existing resourceDirectory C:\Users\Kevin\Universidad\4º Grado\Procesos de Ingeniería del Software II\Prácticas\Actividad08\RefactoringKevin\src\main\resources
2017-05-22 12:20:19,948 [Worker-49] WARN  o.e.m.c.i.embedder.EclipseLogger - Using platform encoding (Cp1252 actually) to copy filtered resources, i.e. build is platform dependent!
2017-05-22 12:20:19,955 [Worker-49] INFO  o.e.m.c.i.embedder.EclipseLogger - skip non existing resourceDirectory C:\Users\Kevin\Universidad\4º Grado\Procesos de Ingeniería del Software II\Prácticas\Actividad08\RefactoringKevin\src\test\resources
2017-05-22 12:21:30,645 [Worker-46] WARN  o.e.m.c.i.embedder.EclipseLogger - Using platform encoding (Cp1252 actually) to copy filtered resources, i.e. build is platform dependent!
2017-05-22 12:21:30,652 [Worker-46] INFO  o.e.m.c.i.embedder.EclipseLogger - skip non existing resourceDirectory C:\Users\Kevin\Universidad\4º Grado\Procesos de Ingeniería del Software II\Prácticas\Actividad08\RefactoringKevin\src\main\resources
2017-05-22 12:21:30,657 [Worker-46] WARN  o.e.m.c.i.embedder.EclipseLogger - Using platform encoding (Cp1252 actually) to copy filtered resources, i.e. build is platform dependent!
2017-05-22 12:21:30,664 [Worker-46] INFO  o.e.m.c.i.embedder.EclipseLogger - skip non existing resourceDirectory C:\Users\Kevin\Universidad\4º Grado\Procesos de Ingeniería del Software II\Prácticas\Actividad08\RefactoringKevin\src\test\resources
2017-05-22 12:21:50,904 [Worker-55] WARN  o.e.m.c.i.embedder.EclipseLogger - Using platform encoding (Cp1252 actually) to copy filtered resources, i.e. build is platform dependent!
2017-05-22 12:21:50,908 [Worker-55] INFO  o.e.m.c.i.embedder.EclipseLogger - skip non existing resourceDirectory C:\Users\Kevin\Universidad\4º Grado\Procesos de Ingeniería del Software II\Prácticas\Actividad08\RefactoringKevin\src\main\resources
2017-05-22 12:21:50,909 [Worker-55] WARN  o.e.m.c.i.embedder.EclipseLogger - Using platform encoding (Cp1252 actually) to copy filtered resources, i.e. build is platform dependent!
2017-05-22 12:21:50,916 [Worker-55] INFO  o.e.m.c.i.embedder.EclipseLogger - skip non existing resourceDirectory C:\Users\Kevin\Universidad\4º Grado\Procesos de Ingeniería del Software II\Prácticas\Actividad08\RefactoringKevin\src\test\resources
2017-05-22 12:22:06,320 [Worker-55] INFO  o.e.m.c.i.p.ProjectConfigurationManager - Update started
2017-05-22 12:22:06,693 [Worker-55] INFO  o.e.m.c.i.l.LifecycleMappingFactory - Using org.eclipse.m2e.jdt.JarLifecycleMapping lifecycle mapping for MavenProject: RefactoringKevin:RefactoringKevin:0.0.1-SNAPSHOT @ C:\Users\Kevin\Universidad\4º Grado\Procesos de Ingeniería del Software II\Prácticas\Actividad08\RefactoringKevin\pom.xml.
2017-05-22 12:22:07,070 [Worker-55] INFO  o.e.m.j.i.AbstractJavaProjectConfigurator - Adding source folder /RefactoringKevin/src
2017-05-22 12:22:07,075 [Worker-55] INFO  o.e.m.j.i.AbstractJavaProjectConfigurator - Adding source folder /RefactoringKevin/test
2017-05-22 12:22:07,181 [Worker-55] INFO  o.e.m.c.i.p.ProjectConfigurationManager - Update completed: 0 sec
2017-05-22 12:22:07,396 [Worker-55] WARN  o.e.m.c.i.embedder.EclipseLogger - Using platform encoding (Cp1252 actually) to copy filtered resources, i.e. build is platform dependent!
2017-05-22 12:22:07,400 [Worker-55] INFO  o.e.m.c.i.embedder.EclipseLogger - skip non existing resourceDirectory C:\Users\Kevin\Universidad\4º Grado\Procesos de Ingeniería del Software II\Prácticas\Actividad08\RefactoringKevin\src\main\resources
2017-05-22 12:22:07,404 [Worker-55] WARN  o.e.m.c.i.embedder.EclipseLogger - Using platform encoding (Cp1252 actually) to copy filtered resources, i.e. build is platform dependent!
2017-05-22 12:22:07,408 [Worker-55] INFO  o.e.m.c.i.embedder.EclipseLogger - skip non existing resourceDirectory C:\Users\Kevin\Universidad\4º Grado\Procesos de Ingeniería del Software II\Prácticas\Actividad08\RefactoringKevin\src\test\resources
2017-05-22 12:27:39,346 [Worker-56] WARN  o.e.m.c.i.embedder.EclipseLogger - Using platform encoding (Cp1252 actually) to copy filtered resources, i.e. build is platform dependent!
2017-05-22 12:27:39,351 [Worker-56] INFO  o.e.m.c.i.embedder.EclipseLogger - skip non existing resourceDirectory C:\Users\Kevin\Universidad\4º Grado\Procesos de Ingeniería del Software II\Prácticas\Actividad08\RefactoringKevin\src\main\resources
2017-05-22 12:27:39,355 [Worker-56] WARN  o.e.m.c.i.embedder.EclipseLogger - Using platform encoding (Cp1252 actually) to copy filtered resources, i.e. build is platform dependent!
2017-05-22 12:27:39,362 [Worker-56] INFO  o.e.m.c.i.embedder.EclipseLogger - skip non existing resourceDirectory C:\Users\Kevin\Universidad\4º Grado\Procesos de Ingeniería del Software II\Prácticas\Actividad08\RefactoringKevin\src\test\resources
2017-05-22 12:27:40,372 [Worker-59] WARN  o.e.m.c.i.embedder.EclipseLogger - Using platform encoding (Cp1252 actually) to copy filtered resources, i.e. build is platform dependent!
2017-05-22 12:27:40,376 [Worker-59] INFO  o.e.m.c.i.embedder.EclipseLogger - skip non existing resourceDirectory C:\Users\Kevin\Universidad\4º Grado\Procesos de Ingeniería del Software II\Prácticas\Actividad08\RefactoringKevin\src\main\resources
2017-05-22 12:27:40,380 [Worker-59] WARN  o.e.m.c.i.embedder.EclipseLogger - Using platform encoding (Cp1252 actually) to copy filtered resources, i.e. build is platform dependent!
2017-05-22 12:27:40,387 [Worker-59] INFO  o.e.m.c.i.embedder.EclipseLogger - skip non existing resourceDirectory C:\Users\Kevin\Universidad\4º Grado\Procesos de Ingeniería del Software II\Prácticas\Actividad08\RefactoringKevin\src\test\resources
2017-05-22 12:28:07,121 [Worker-56] INFO  o.e.m.i.launch.MavenLaunchDelegate - C:\Users\Kevin\Universidad\4º Grado\Procesos de Ingeniería del Software II\Prácticas\Actividad08\RefactoringKevin
2017-05-22 12:28:07,122 [Worker-56] INFO  o.e.m.i.launch.MavenLaunchDelegate -  mvn -B clean
2017-05-22 12:28:08,540 [Worker-40] WARN  o.e.m.c.i.embedder.EclipseLogger - Using platform encoding (Cp1252 actually) to copy filtered resources, i.e. build is platform dependent!
2017-05-22 12:28:08,549 [Worker-40] INFO  o.e.m.c.i.embedder.EclipseLogger - skip non existing resourceDirectory C:\Users\Kevin\Universidad\4º Grado\Procesos de Ingeniería del Software II\Prácticas\Actividad08\RefactoringKevin\src\main\resources
2017-05-22 12:28:08,553 [Worker-40] WARN  o.e.m.c.i.embedder.EclipseLogger - Using platform encoding (Cp1252 actually) to copy filtered resources, i.e. build is platform dependent!
2017-05-22 12:28:08,557 [Worker-40] INFO  o.e.m.c.i.embedder.EclipseLogger - skip non existing resourceDirectory C:\Users\Kevin\Universidad\4º Grado\Procesos de Ingeniería del Software II\Prácticas\Actividad08\RefactoringKevin\src\test\resources
